<?xml version="1.0" encoding="UTF-8"?>
<testsuite xmlns:xsi="http://www.w3.org/2001/XMLSchema-instance" xsi:noNamespaceSchemaLocation="https://maven.apache.org/surefire/maven-surefire-plugin/xsd/surefire-test-report.xsd" name="com.gec.AppTest" time="0.058" tests="1" errors="0" skipped="0" failures="0">
  <properties>
    <property name="sun.desktop" value="windows"/>
    <property name="awt.toolkit" value="sun.awt.windows.WToolkit"/>
    <property name="file.encoding.pkg" value="sun.io"/>
    <property name="java.specification.version" value="1.8"/>
    <property name="sun.cpu.isalist" value="amd64"/>
    <property name="sun.jnu.encoding" value="GBK"/>
    <property name="java.class.path" value="E:\粤嵌培训\第四阶段\SpringBootVueProject\gec-auth-parent\gec-common\common-util\target\test-classes;E:\粤嵌培训\第四阶段\SpringBootVueProject\gec-auth-parent\gec-common\common-util\target\classes;E:\粤嵌培训\第四阶段\SpringBootVueProject\gec-auth-parent\gec-model\target\gec-model-1.0-SNAPSHOT.jar;E:\kaifamiao\repository\com\github\xiaoymin\knife4j-spring-boot-starter\2.0.8\knife4j-spring-boot-starter-2.0.8.jar;E:\kaifamiao\repository\com\github\xiaoymin\knife4j-spring-boot-autoconfigure\2.0.8\knife4j-spring-boot-autoconfigure-2.0.8.jar;E:\kaifamiao\repository\com\github\xiaoymin\knife4j-spring\2.0.8\knife4j-spring-2.0.8.jar;E:\kaifamiao\repository\com\github\xiaoymin\knife4j-annotations\2.0.8\knife4j-annotations-2.0.8.jar;E:\kaifamiao\repository\com\github\xiaoymin\knife4j-core\2.0.8\knife4j-core-2.0.8.jar;E:\kaifamiao\repository\org\javassist\javassist\3.25.0-GA\javassist-3.25.0-GA.jar;E:\kaifamiao\repository\io\swagger\swagger-models\1.5.22\swagger-models-1.5.22.jar;E:\kaifamiao\repository\io\swagger\swagger-annotations\1.5.22\swagger-annotations-1.5.22.jar;E:\kaifamiao\repository\io\springfox\springfox-swagger2\2.10.5\springfox-swagger2-2.10.5.jar;E:\kaifamiao\repository\io\springfox\springfox-spi\2.10.5\springfox-spi-2.10.5.jar;E:\kaifamiao\repository\io\springfox\springfox-core\2.10.5\springfox-core-2.10.5.jar;E:\kaifamiao\repository\net\bytebuddy\byte-buddy\1.10.18\byte-buddy-1.10.18.jar;E:\kaifamiao\repository\io\springfox\springfox-schema\2.10.5\springfox-schema-2.10.5.jar;E:\kaifamiao\repository\io\springfox\springfox-swagger-common\2.10.5\springfox-swagger-common-2.10.5.jar;E:\kaifamiao\repository\io\springfox\springfox-spring-web\2.10.5\springfox-spring-web-2.10.5.jar;E:\kaifamiao\repository\io\github\classgraph\classgraph\4.1.7\classgraph-4.1.7.jar;E:\kaifamiao\repository\com\fasterxml\classmate\1.5.1\classmate-1.5.1.jar;E:\kaifamiao\repository\org\springframework\plugin\spring-plugin-core\2.0.0.RELEASE\spring-plugin-core-2.0.0.RELEASE.jar;E:\kaifamiao\repository\org\springframework\plugin\spring-plugin-metadata\2.0.0.RELEASE\spring-plugin-metadata-2.0.0.RELEASE.jar;E:\kaifamiao\repository\org\mapstruct\mapstruct\1.3.1.Final\mapstruct-1.3.1.Final.jar;E:\kaifamiao\repository\io\springfox\springfox-bean-validators\2.10.5\springfox-bean-validators-2.10.5.jar;E:\kaifamiao\repository\io\springfox\springfox-spring-webmvc\2.10.5\springfox-spring-webmvc-2.10.5.jar;E:\kaifamiao\repository\com\github\xiaoymin\knife4j-spring-ui\2.0.8\knife4j-spring-ui-2.0.8.jar;E:\kaifamiao\repository\com\baomidou\mybatis-plus-boot-starter\3.4.1\mybatis-plus-boot-starter-3.4.1.jar;E:\kaifamiao\repository\com\baomidou\mybatis-plus\3.4.1\mybatis-plus-3.4.1.jar;E:\kaifamiao\repository\com\baomidou\mybatis-plus-extension\3.4.1\mybatis-plus-extension-3.4.1.jar;E:\kaifamiao\repository\com\baomidou\mybatis-plus-core\3.4.1\mybatis-plus-core-3.4.1.jar;E:\kaifamiao\repository\com\baomidou\mybatis-plus-annotation\3.4.1\mybatis-plus-annotation-3.4.1.jar;E:\kaifamiao\repository\com\github\jsqlparser\jsqlparser\3.2\jsqlparser-3.2.jar;E:\kaifamiao\repository\org\mybatis\mybatis\3.5.6\mybatis-3.5.6.jar;E:\kaifamiao\repository\org\mybatis\mybatis-spring\2.0.5\mybatis-spring-2.0.5.jar;E:\kaifamiao\repository\org\springframework\boot\spring-boot-autoconfigure\2.3.6.RELEASE\spring-boot-autoconfigure-2.3.6.RELEASE.jar;E:\kaifamiao\repository\org\springframework\boot\spring-boot-starter-jdbc\2.3.6.RELEASE\spring-boot-starter-jdbc-2.3.6.RELEASE.jar;E:\kaifamiao\repository\com\zaxxer\HikariCP\3.4.5\HikariCP-3.4.5.jar;E:\kaifamiao\repository\org\slf4j\slf4j-api\1.7.30\slf4j-api-1.7.30.jar;E:\kaifamiao\repository\org\springframework\spring-jdbc\5.2.11.RELEASE\spring-jdbc-5.2.11.RELEASE.jar;E:\kaifamiao\repository\org\springframework\spring-tx\5.2.11.RELEASE\spring-tx-5.2.11.RELEASE.jar;E:\kaifamiao\repository\org\springframework\boot\spring-boot-starter-web\2.3.6.RELEASE\spring-boot-starter-web-2.3.6.RELEASE.jar;E:\kaifamiao\repository\org\springframework\boot\spring-boot-starter\2.3.6.RELEASE\spring-boot-starter-2.3.6.RELEASE.jar;E:\kaifamiao\repository\org\springframework\boot\spring-boot\2.3.6.RELEASE\spring-boot-2.3.6.RELEASE.jar;E:\kaifamiao\repository\org\springframework\boot\spring-boot-starter-logging\2.3.6.RELEASE\spring-boot-starter-logging-2.3.6.RELEASE.jar;E:\kaifamiao\repository\ch\qos\logback\logback-classic\1.2.3\logback-classic-1.2.3.jar;E:\kaifamiao\repository\ch\qos\logback\logback-core\1.2.3\logback-core-1.2.3.jar;E:\kaifamiao\repository\org\apache\logging\log4j\log4j-to-slf4j\2.13.3\log4j-to-slf4j-2.13.3.jar;E:\kaifamiao\repository\org\apache\logging\log4j\log4j-api\2.13.3\log4j-api-2.13.3.jar;E:\kaifamiao\repository\org\slf4j\jul-to-slf4j\1.7.30\jul-to-slf4j-1.7.30.jar;E:\kaifamiao\repository\jakarta\annotation\jakarta.annotation-api\1.3.5\jakarta.annotation-api-1.3.5.jar;E:\kaifamiao\repository\org\springframework\spring-core\5.2.11.RELEASE\spring-core-5.2.11.RELEASE.jar;E:\kaifamiao\repository\org\springframework\spring-jcl\5.2.11.RELEASE\spring-jcl-5.2.11.RELEASE.jar;E:\kaifamiao\repository\org\yaml\snakeyaml\1.26\snakeyaml-1.26.jar;E:\kaifamiao\repository\org\springframework\boot\spring-boot-starter-json\2.3.6.RELEASE\spring-boot-starter-json-2.3.6.RELEASE.jar;E:\kaifamiao\repository\com\fasterxml\jackson\datatype\jackson-datatype-jdk8\2.11.3\jackson-datatype-jdk8-2.11.3.jar;E:\kaifamiao\repository\com\fasterxml\jackson\datatype\jackson-datatype-jsr310\2.11.3\jackson-datatype-jsr310-2.11.3.jar;E:\kaifamiao\repository\com\fasterxml\jackson\module\jackson-module-parameter-names\2.11.3\jackson-module-parameter-names-2.11.3.jar;E:\kaifamiao\repository\org\springframework\boot\spring-boot-starter-tomcat\2.3.6.RELEASE\spring-boot-starter-tomcat-2.3.6.RELEASE.jar;E:\kaifamiao\repository\org\apache\tomcat\embed\tomcat-embed-core\9.0.39\tomcat-embed-core-9.0.39.jar;E:\kaifamiao\repository\org\glassfish\jakarta.el\3.0.3\jakarta.el-3.0.3.jar;E:\kaifamiao\repository\org\apache\tomcat\embed\tomcat-embed-websocket\9.0.39\tomcat-embed-websocket-9.0.39.jar;E:\kaifamiao\repository\org\springframework\spring-web\5.2.11.RELEASE\spring-web-5.2.11.RELEASE.jar;E:\kaifamiao\repository\org\springframework\spring-beans\5.2.11.RELEASE\spring-beans-5.2.11.RELEASE.jar;E:\kaifamiao\repository\org\springframework\spring-webmvc\5.2.11.RELEASE\spring-webmvc-5.2.11.RELEASE.jar;E:\kaifamiao\repository\org\springframework\spring-aop\5.2.11.RELEASE\spring-aop-5.2.11.RELEASE.jar;E:\kaifamiao\repository\org\springframework\spring-context\5.2.11.RELEASE\spring-context-5.2.11.RELEASE.jar;E:\kaifamiao\repository\org\springframework\spring-expression\5.2.11.RELEASE\spring-expression-5.2.11.RELEASE.jar;E:\kaifamiao\repository\io\jsonwebtoken\jjwt\0.7.0\jjwt-0.7.0.jar;E:\kaifamiao\repository\com\fasterxml\jackson\core\jackson-databind\2.11.3\jackson-databind-2.11.3.jar;E:\kaifamiao\repository\com\fasterxml\jackson\core\jackson-annotations\2.11.3\jackson-annotations-2.11.3.jar;E:\kaifamiao\repository\com\fasterxml\jackson\core\jackson-core\2.11.3\jackson-core-2.11.3.jar;E:\kaifamiao\repository\org\projectlombok\lombok\1.18.16\lombok-1.18.16.jar;E:\kaifamiao\repository\com\alibaba\fastjson\2.0.21\fastjson-2.0.21.jar;E:\kaifamiao\repository\com\alibaba\fastjson2\fastjson2-extension\2.0.21\fastjson2-extension-2.0.21.jar;E:\kaifamiao\repository\com\alibaba\fastjson2\fastjson2\2.0.21\fastjson2-2.0.21.jar;E:\kaifamiao\repository\junit\junit\4.11\junit-4.11.jar;E:\kaifamiao\repository\org\hamcrest\hamcrest-core\2.2\hamcrest-core-2.2.jar;E:\kaifamiao\repository\org\hamcrest\hamcrest\2.2\hamcrest-2.2.jar;"/>
    <property name="java.vm.vendor" value="Oracle Corporation"/>
    <property name="sun.arch.data.model" value="64"/>
    <property name="user.variant" value=""/>
    <property name="java.vendor.url" value="http://java.oracle.com/"/>
    <property name="user.timezone" value="Asia/Shanghai"/>
    <property name="java.vm.specification.version" value="1.8"/>
    <property name="os.name" value="Windows 10"/>
    <property name="user.country" value="CN"/>
    <property name="sun.java.launcher" value="SUN_STANDARD"/>
    <property name="sun.boot.library.path" value="C:\Program Files\Java\jdk1.8.0_181\jre\bin"/>
    <property name="sun.java.command" value="C:\Users\Admin\AppData\Local\Temp\surefire8820202338245008810\surefirebooter7893501753322306604.jar C:\Users\Admin\AppData\Local\Temp\surefire8820202338245008810 2023-04-07T11-38-48_099-jvmRun1 surefire8294645287076560335tmp surefire_08502932377562445729tmp"/>
    <property name="surefire.test.class.path" value="E:\粤嵌培训\第四阶段\SpringBootVueProject\gec-auth-parent\gec-common\common-util\target\test-classes;E:\粤嵌培训\第四阶段\SpringBootVueProject\gec-auth-parent\gec-common\common-util\target\classes;E:\粤嵌培训\第四阶段\SpringBootVueProject\gec-auth-parent\gec-model\target\gec-model-1.0-SNAPSHOT.jar;E:\kaifamiao\repository\com\github\xiaoymin\knife4j-spring-boot-starter\2.0.8\knife4j-spring-boot-starter-2.0.8.jar;E:\kaifamiao\repository\com\github\xiaoymin\knife4j-spring-boot-autoconfigure\2.0.8\knife4j-spring-boot-autoconfigure-2.0.8.jar;E:\kaifamiao\repository\com\github\xiaoymin\knife4j-spring\2.0.8\knife4j-spring-2.0.8.jar;E:\kaifamiao\repository\com\github\xiaoymin\knife4j-annotations\2.0.8\knife4j-annotations-2.0.8.jar;E:\kaifamiao\repository\com\github\xiaoymin\knife4j-core\2.0.8\knife4j-core-2.0.8.jar;E:\kaifamiao\repository\org\javassist\javassist\3.25.0-GA\javassist-3.25.0-GA.jar;E:\kaifamiao\repository\io\swagger\swagger-models\1.5.22\swagger-models-1.5.22.jar;E:\kaifamiao\repository\io\swagger\swagger-annotations\1.5.22\swagger-annotations-1.5.22.jar;E:\kaifamiao\repository\io\springfox\springfox-swagger2\2.10.5\springfox-swagger2-2.10.5.jar;E:\kaifamiao\repository\io\springfox\springfox-spi\2.10.5\springfox-spi-2.10.5.jar;E:\kaifamiao\repository\io\springfox\springfox-core\2.10.5\springfox-core-2.10.5.jar;E:\kaifamiao\repository\net\bytebuddy\byte-buddy\1.10.18\byte-buddy-1.10.18.jar;E:\kaifamiao\repository\io\springfox\springfox-schema\2.10.5\springfox-schema-2.10.5.jar;E:\kaifamiao\repository\io\springfox\springfox-swagger-common\2.10.5\springfox-swagger-common-2.10.5.jar;E:\kaifamiao\repository\io\springfox\springfox-spring-web\2.10.5\springfox-spring-web-2.10.5.jar;E:\kaifamiao\repository\io\github\classgraph\classgraph\4.1.7\classgraph-4.1.7.jar;E:\kaifamiao\repository\com\fasterxml\classmate\1.5.1\classmate-1.5.1.jar;E:\kaifamiao\repository\org\springframework\plugin\spring-plugin-core\2.0.0.RELEASE\spring-plugin-core-2.0.0.RELEASE.jar;E:\kaifamiao\repository\org\springframework\plugin\spring-plugin-metadata\2.0.0.RELEASE\spring-plugin-metadata-2.0.0.RELEASE.jar;E:\kaifamiao\repository\org\mapstruct\mapstruct\1.3.1.Final\mapstruct-1.3.1.Final.jar;E:\kaifamiao\repository\io\springfox\springfox-bean-validators\2.10.5\springfox-bean-validators-2.10.5.jar;E:\kaifamiao\repository\io\springfox\springfox-spring-webmvc\2.10.5\springfox-spring-webmvc-2.10.5.jar;E:\kaifamiao\repository\com\github\xiaoymin\knife4j-spring-ui\2.0.8\knife4j-spring-ui-2.0.8.jar;E:\kaifamiao\repository\com\baomidou\mybatis-plus-boot-starter\3.4.1\mybatis-plus-boot-starter-3.4.1.jar;E:\kaifamiao\repository\com\baomidou\mybatis-plus\3.4.1\mybatis-plus-3.4.1.jar;E:\kaifamiao\repository\com\baomidou\mybatis-plus-extension\3.4.1\mybatis-plus-extension-3.4.1.jar;E:\kaifamiao\repository\com\baomidou\mybatis-plus-core\3.4.1\mybatis-plus-core-3.4.1.jar;E:\kaifamiao\repository\com\baomidou\mybatis-plus-annotation\3.4.1\mybatis-plus-annotation-3.4.1.jar;E:\kaifamiao\repository\com\github\jsqlparser\jsqlparser\3.2\jsqlparser-3.2.jar;E:\kaifamiao\repository\org\mybatis\mybatis\3.5.6\mybatis-3.5.6.jar;E:\kaifamiao\repository\org\mybatis\mybatis-spring\2.0.5\mybatis-spring-2.0.5.jar;E:\kaifamiao\repository\org\springframework\boot\spring-boot-autoconfigure\2.3.6.RELEASE\spring-boot-autoconfigure-2.3.6.RELEASE.jar;E:\kaifamiao\repository\org\springframework\boot\spring-boot-starter-jdbc\2.3.6.RELEASE\spring-boot-starter-jdbc-2.3.6.RELEASE.jar;E:\kaifamiao\repository\com\zaxxer\HikariCP\3.4.5\HikariCP-3.4.5.jar;E:\kaifamiao\repository\org\slf4j\slf4j-api\1.7.30\slf4j-api-1.7.30.jar;E:\kaifamiao\repository\org\springframework\spring-jdbc\5.2.11.RELEASE\spring-jdbc-5.2.11.RELEASE.jar;E:\kaifamiao\repository\org\springframework\spring-tx\5.2.11.RELEASE\spring-tx-5.2.11.RELEASE.jar;E:\kaifamiao\repository\org\springframework\boot\spring-boot-starter-web\2.3.6.RELEASE\spring-boot-starter-web-2.3.6.RELEASE.jar;E:\kaifamiao\repository\org\springframework\boot\spring-boot-starter\2.3.6.RELEASE\spring-boot-starter-2.3.6.RELEASE.jar;E:\kaifamiao\repository\org\springframework\boot\spring-boot\2.3.6.RELEASE\spring-boot-2.3.6.RELEASE.jar;E:\kaifamiao\repository\org\springframework\boot\spring-boot-starter-logging\2.3.6.RELEASE\spring-boot-starter-logging-2.3.6.RELEASE.jar;E:\kaifamiao\repository\ch\qos\logback\logback-classic\1.2.3\logback-classic-1.2.3.jar;E:\kaifamiao\repository\ch\qos\logback\logback-core\1.2.3\logback-core-1.2.3.jar;E:\kaifamiao\repository\org\apache\logging\log4j\log4j-to-slf4j\2.13.3\log4j-to-slf4j-2.13.3.jar;E:\kaifamiao\repository\org\apache\logging\log4j\log4j-api\2.13.3\log4j-api-2.13.3.jar;E:\kaifamiao\repository\org\slf4j\jul-to-slf4j\1.7.30\jul-to-slf4j-1.7.30.jar;E:\kaifamiao\repository\jakarta\annotation\jakarta.annotation-api\1.3.5\jakarta.annotation-api-1.3.5.jar;E:\kaifamiao\repository\org\springframework\spring-core\5.2.11.RELEASE\spring-core-5.2.11.RELEASE.jar;E:\kaifamiao\repository\org\springframework\spring-jcl\5.2.11.RELEASE\spring-jcl-5.2.11.RELEASE.jar;E:\kaifamiao\repository\org\yaml\snakeyaml\1.26\snakeyaml-1.26.jar;E:\kaifamiao\repository\org\springframework\boot\spring-boot-starter-json\2.3.6.RELEASE\spring-boot-starter-json-2.3.6.RELEASE.jar;E:\kaifamiao\repository\com\fasterxml\jackson\datatype\jackson-datatype-jdk8\2.11.3\jackson-datatype-jdk8-2.11.3.jar;E:\kaifamiao\repository\com\fasterxml\jackson\datatype\jackson-datatype-jsr310\2.11.3\jackson-datatype-jsr310-2.11.3.jar;E:\kaifamiao\repository\com\fasterxml\jackson\module\jackson-module-parameter-names\2.11.3\jackson-module-parameter-names-2.11.3.jar;E:\kaifamiao\repository\org\springframework\boot\spring-boot-starter-tomcat\2.3.6.RELEASE\spring-boot-starter-tomcat-2.3.6.RELEASE.jar;E:\kaifamiao\repository\org\apache\tomcat\embed\tomcat-embed-core\9.0.39\tomcat-embed-core-9.0.39.jar;E:\kaifamiao\repository\org\glassfish\jakarta.el\3.0.3\jakarta.el-3.0.3.jar;E:\kaifamiao\repository\org\apache\tomcat\embed\tomcat-embed-websocket\9.0.39\tomcat-embed-websocket-9.0.39.jar;E:\kaifamiao\repository\org\springframework\spring-web\5.2.11.RELEASE\spring-web-5.2.11.RELEASE.jar;E:\kaifamiao\repository\org\springframework\spring-beans\5.2.11.RELEASE\spring-beans-5.2.11.RELEASE.jar;E:\kaifamiao\repository\org\springframework\spring-webmvc\5.2.11.RELEASE\spring-webmvc-5.2.11.RELEASE.jar;E:\kaifamiao\repository\org\springframework\spring-aop\5.2.11.RELEASE\spring-aop-5.2.11.RELEASE.jar;E:\kaifamiao\repository\org\springframework\spring-context\5.2.11.RELEASE\spring-context-5.2.11.RELEASE.jar;E:\kaifamiao\repository\org\springframework\spring-expression\5.2.11.RELEASE\spring-expression-5.2.11.RELEASE.jar;E:\kaifamiao\repository\io\jsonwebtoken\jjwt\0.7.0\jjwt-0.7.0.jar;E:\kaifamiao\repository\com\fasterxml\jackson\core\jackson-databind\2.11.3\jackson-databind-2.11.3.jar;E:\kaifamiao\repository\com\fasterxml\jackson\core\jackson-annotations\2.11.3\jackson-annotations-2.11.3.jar;E:\kaifamiao\repository\com\fasterxml\jackson\core\jackson-core\2.11.3\jackson-core-2.11.3.jar;E:\kaifamiao\repository\org\projectlombok\lombok\1.18.16\lombok-1.18.16.jar;E:\kaifamiao\repository\com\alibaba\fastjson\2.0.21\fastjson-2.0.21.jar;E:\kaifamiao\repository\com\alibaba\fastjson2\fastjson2-extension\2.0.21\fastjson2-extension-2.0.21.jar;E:\kaifamiao\repository\com\alibaba\fastjson2\fastjson2\2.0.21\fastjson2-2.0.21.jar;E:\kaifamiao\repository\junit\junit\4.11\junit-4.11.jar;E:\kaifamiao\repository\org\hamcrest\hamcrest-core\2.2\hamcrest-core-2.2.jar;E:\kaifamiao\repository\org\hamcrest\hamcrest\2.2\hamcrest-2.2.jar;"/>
    <property name="sun.cpu.endian" value="little"/>
    <property name="user.home" value="C:\Users\Admin"/>
    <property name="user.language" value="zh"/>
    <property name="java.specification.vendor" value="Oracle Corporation"/>
    <property name="java.home" value="C:\Program Files\Java\jdk1.8.0_181\jre"/>
    <property name="basedir" value="E:\粤嵌培训\第四阶段\SpringBootVueProject\gec-auth-parent\gec-common\common-util"/>
    <property name="file.separator" value="\"/>
    <property name="line.separator" value="&#10;"/>
    <property name="java.vm.specification.vendor" value="Oracle Corporation"/>
    <property name="java.specification.name" value="Java Platform API Specification"/>
    <property name="java.awt.graphicsenv" value="sun.awt.Win32GraphicsEnvironment"/>
    <property name="surefire.real.class.path" value="C:\Users\Admin\AppData\Local\Temp\surefire8820202338245008810\surefirebooter7893501753322306604.jar"/>
    <property name="sun.boot.class.path" value="C:\Program Files\Java\jdk1.8.0_181\jre\lib\resources.jar;C:\Program Files\Java\jdk1.8.0_181\jre\lib\rt.jar;C:\Program Files\Java\jdk1.8.0_181\jre\lib\sunrsasign.jar;C:\Program Files\Java\jdk1.8.0_181\jre\lib\jsse.jar;C:\Program Files\Java\jdk1.8.0_181\jre\lib\jce.jar;C:\Program Files\Java\jdk1.8.0_181\jre\lib\charsets.jar;C:\Program Files\Java\jdk1.8.0_181\jre\lib\jfr.jar;C:\Program Files\Java\jdk1.8.0_181\jre\classes"/>
    <property name="user.script" value=""/>
    <property name="sun.management.compiler" value="HotSpot 64-Bit Tiered Compilers"/>
    <property name="java.runtime.version" value="1.8.0_181-b13"/>
    <property name="user.name" value="Admin"/>
    <property name="path.separator" value=";"/>
    <property name="os.version" value="10.0"/>
    <property name="java.endorsed.dirs" value="C:\Program Files\Java\jdk1.8.0_181\jre\lib\endorsed"/>
    <property name="java.runtime.name" value="Java(TM) SE Runtime Environment"/>
    <property name="file.encoding" value="GBK"/>
    <property name="java.vm.name" value="Java HotSpot(TM) 64-Bit Server VM"/>
    <property name="localRepository" value="E:\kaifamiao\repository"/>
    <property name="java.vendor.url.bug" value="http://bugreport.sun.com/bugreport/"/>
    <property name="java.io.tmpdir" value="C:\Users\Admin\AppData\Local\Temp\"/>
    <property name="idea.version" value="2022.1.3"/>
    <property name="java.version" value="1.8.0_181"/>
    <property name="user.dir" value="E:\粤嵌培训\第四阶段\SpringBootVueProject\gec-auth-parent\gec-common\common-util"/>
    <property name="os.arch" value="amd64"/>
    <property name="java.vm.specification.name" value="Java Virtual Machine Specification"/>
    <property name="java.awt.printerjob" value="sun.awt.windows.WPrinterJob"/>
    <property name="sun.os.patch.level" value=""/>
    <property name="java.library.path" value="C:\Program Files\Java\jdk1.8.0_181\jre\bin;C:\WINDOWS\Sun\Java\bin;C:\WINDOWS\system32;C:\WINDOWS;D:\app\Admin\product\11.2.0\dbhome_1\bin;C:\Program Files (x86)\Common Files\Oracle\Java\javapath;C:\WINDOWS\system32;C:\WINDOWS;C:\WINDOWS\System32\Wbem;C:\WINDOWS\System32\WindowsPowerShell\v1.0\;C:\WINDOWS\System32\OpenSSH\;C:\Program Files\MySQL\MySQL Server 5.5\bin;C:\Program Files\Java\jdk1.8.0_181\bin;C:\Program Files\Java\jdk1.8.0_181\bin;C:\Program Files\Java\jdk1.8.0_181\jre\bin;D:\pandoc-2.17.1.1-windows-x86_64\pandoc-2.17.1.1;D:\Xshell\;C:\Program Files\Java\jdk1.8.0_181\bin;C:\Program Files\Java\jdk1.8.0_181\jre\bin;C:\Program Files\nodejs\;C:\Users\Admin\AppData\Local\Programs\Python\Python310\Scripts\;C:\Users\Admin\AppData\Local\Programs\Python\Python310\;C:\Users\Admin\AppData\Local\Microsoft\WindowsApps;D:\Idea\IntelliJ IDEA 2020.1\bin;;C:\Users\Admin\AppData\Local\GitHubDesktop\bin;;D:\Python\PyCharm 2022.2.2\bin;;D:\vscode\Microsoft VS Code\bin;C:\Users\Admin\AppData\Roaming\npm;."/>
    <property name="java.vm.info" value="mixed mode"/>
    <property name="java.vendor" value="Oracle Corporation"/>
    <property name="java.vm.version" value="25.181-b13"/>
    <property name="java.ext.dirs" value="C:\Program Files\Java\jdk1.8.0_181\jre\lib\ext;C:\WINDOWS\Sun\Java\lib\ext"/>
    <property name="sun.io.unicode.encoding" value="UnicodeLittle"/>
    <property name="maven.repo.local" value="E:\kaifamiao\repository"/>
    <property name="java.class.version" value="52.0"/>
  </properties>
  <testcase name="shouldAnswerWithTrue" classname="com.gec.AppTest" time="0.002"/>
</testsuite>